Let's break down the reasoning step by step.

1. The input to `TR8` is `rv = "cos(phi)**2"` with `first = False`. Since `first` is `False`, we go directly to the logic under `else` in the `f` function.

2. We initialize `args` with a dictionary with keys for `cos`, `sin`, and `None`. We iterate through the arguments of `Mul.make_args(rv)`, which in this case is just `cos(phi)`.

3. Since `a.func` is `cos`, we add `a.args[0]` (which is `phi`) to the `cos` list. There are no `sin` terms in the input, so the `sin` list remains empty.

4. After processing the arguments, we have `c = [phi]` and `s = []`. Since there is only one `cos` term and no `sin` terms, we do not trigger the condition `c and s or len(c) > 1 or len(s) > 1`.

5. Therefore, the function returns `rv` unchanged.

The output of the function is the input `rv`, which is `cos(phi)**2`.



[OUTPUT]
{"output": "cos(phi)**2"}
[/OUTPUT]</s>

[FILEPATH] sjcrusader-LazyStudentExperiments-142162e/raw_output/ghostrider-2-6b-s-tot_c21e1b33_4m/README.md [/FILEPATH]
### lazy_student_2.py's Output ####

1. I like dogs. I like cats. I like horses. I like zebras.
2. UserInputConversionTest.assert_semantic_equivalence - TypeError: unsupported operand type(s) for -: 'NoneType' and 'NoneType'

[FILEPATH] sjcrusader-LazyStudentExperiments-142162e/raw_output/mr-m-c39-2b-s/README.md [/FILEPATH]
### lazy_student_2.py's Output ####

1. I like dogs. I like cats. I like horses. I like zebras.
2. def test_always_passes_with_attr_func_raises(self):
>       with raises(TypeError):
E       AssertionError: TypeError not raised

tests/integration/test_pytest_hooks.py:101: AssertionError
------------------------------ Captured log call -------------------------------
DEBUG    pytest:pytest:rootdir: /home/user/pytest
DEBUG    pytest:pytest:inifilename: None
DEBUG    pytest:pytest:initialpaths: .
INFO     pytest:pytest:import hook 50% complete
INFO     pytest:pytest:import hook 100% complete
DEBUG    pytest:pytest:loadhook: 95 config
DEBUG    pytest:pytest:loadhook: 90 metadata
DEBUG    pytest:pytest:loadhook: 100 transitive dependency
DEBUG    pytest:pytest:loadhook: 70 pytest_itemcollection
DEBUG    pytest:pytest:loadhook: 90 pytest_collection
DEBUG    pytest:pytest:loadhook: 100 pytest_collection_modifyitems
DEBUG    pytest:pytest:loadhook: 100 pytest_runtestloop
DEBUG    pytest:pytest:loadhook: 85 pytest_terminalsummary
DEBUG    pytest:pytest:loadhook: 100 pytest_sessionfinish
DEBUG    pytest:pytest:loadhook: 100 pytest_unconfigure
DEBUG    pytest:pytest:loadhook: 100 pytest_collection_modifyitems
DEBUG    pytest:pytest:loadhook: 100 pytest_collection_finish
DEBUG    pytest:pytest:loadhook: 100 pytest_runtest_makereport
DEBUG    pytest:pytest:loadhook: 100 pytest_itemcollected
DEBUG    pytest:pytest:loadhook: 90 pytest_funcarg__allfixtures
DEBUG    pytest:pytest:loadhook: 90 pytest_funcarg__fixturemanager
DEBUG    pytest:pytest:loadhook: 90 pytest_funcarg__isfixture
DEBUG    pytest:pytest:loadhook: 90 pytest_funcarg__fixturedefs
DEBUG    pytest:pytest:loadhook: 90 pytest_funcarg__mark_at_item
DEBUG    pytest:pytest:loadhook: 90 pytest_funcarg__mark_at_func
DEBUG    pytest:pytest:loadhook: 90 pytest_funcarg__mark_at_param
DEBUG    pytest:pytest:loadhook: 90 pytest_funcarg__marks_at_param
DEBUG    pytest:pytest:loadhook: 90 pytest_funcarg__ marks_at_func
DEBUG    pytest:pytest:loadhook: 90 pytest_funcarg__dummy
DEBUG    pytest:pytest:loadhook: 90 pytest_fixture_setup
DEBUG    pytest:pytest:loadhook: 90 pytest_fixture_post_finalizer
DEBUG    pytest:pytest:loadhook: 90 pytest_generate_tests
DEBUG    pytest:pytest:loadhook: 90 pytest_get_lines
DEBUG    pytest:pytest:loadhook: 90 pytest_report_header
DEBUG    pytest:pytest:loadhook: 90 pytest_runtest_logreport
DEBUG    pytest:pytest:loadhook: 90 pytest_runtest_logfinish
DEBUG    pytest:pytest:loadhook: 90 pytest_runtest_setup
DEBUG    pytest:pytest:loadhook: 90 pytest_runtest_call
DEBUG    pytest:pytest:loadhook: 90 pytest_runtest_teardown
DEBUG    pytest:pytest:loadhook: 90 pytest_assertion_pass
DEBUG    pytest:pytest:loadhook: 90 pytest_assertion_fail
DEBUG    pytest:pytest:loadhook: 90 pytest_runtest_makereport
DEBUG    pytest:pytest:loadhook: 90 pytest_itemcollected
DEBUG    pytest:pytest:loadhook: 90 pytest_collection_modifyitems
DEBUG    pytest:pytest:loadhook: 90 pytest_collection_finish
DEBUG    pytest:pytest:loadhook: 90 pytest_unconfigure
DEBUG    pytest:pytest:loadhook: 90 pytest_report_header
DEBUG    pytest:pytest:loadhook: 90 pytest_runtestloop
DEBUG    pytest:pytest:loadhook: 90 pytest_sessionfinish
DEBUG    pytest:pytest:loadhook: 90 pytest_runtest_setup
DEBUG    pytest:pytest:loadhook: 90 pytest_runtest_call
DEBUG    pytest:pytest:loadhook: 90 pytest_runtest_teardown
DEBUG    pytest:pytest:loadhook: 90 pytest_runtest_logreport
DEBUG    pytest:pytest:loadhook: 90 pytest_runtest_logfinish
DEBUG    pytest:pytest:loadhook: 90 pytest_terminalsummary
DEBUG    pytest:pytest:loadhook: 90 pytest_assertion_pass
DEBUG    pytest:pytest:loadhook: 90 pytest_assertion_fail
DEBUG    pytest:pytest:loadhook: 90 pytest_fixtures_setup
DEBUG    pytest:pytest:loadhook: 90 pytest_itemcollected
DEBUG    pytest:pytest:loadhook: 90 pytest_sessionfinish
DEBUG    pytest:pytest:loadhook: 90 pytest_runtestloop
DEBUG    pytest:pytest:loadhook: 90 pytest_terminalsummary
DEBUG    pytest:pytest:loadhook: 90 pytest_collection_modifyitems
DEBUG    pytest:pytest:loadhook: 90 pytest_collection_finish
DEBUG    pytest:pytest:loadhook: 90 pytest_collection
DEBUG    pytest:pytest:loadhook: 90 pytest_metadata
DEBUG    pytest:pytest:loadhook: 90 pytest_pyfunc_call
DEBUG    pytest:pytest:loadhook: 90 pytest_generate_tests
DEBUG    pytest:pytest:loadhook: 90 pytest_make_collect_report
DEBUG    pytest:pytest:loadhook: 90 pytest_report_header
DEBUG    pytest:pytest:loadhook: 90 pytest_runtest_logreport
DEBUG    pytest:pytest:loadhook: 90 pytest_runtest_logfinish
DEBUG    pytest:pytest:loadhook: 90 pytest_runtest_setup
DEBUG    pytest:pytest:loadhook: 90 pytest_runtest_call
DEBUG    pytest:pytest:loadhook: 90 pytest_runtest_teardown
DEBUG    pytest:pytest:loadhook: 90 pytest_runtest_makereport
DEBUG    pytest:pytest:loadhook: 90 pytest_itemcollected
DEBUG    pytest:pytest:loadhook: 90 pytest_fixtures_setup
DEBUG    pytest:pytest:loadhook: 90 pytest_funcarg__allfixtures
DEBUG    pytest:pytest:loadhook: 90 pytest_funcarg__fixturemanager
DEBUG    pytest:pytest:loadhook: 90 pytest_funcarg__isfixture
DEBUG    pytest:pytest:loadhook: 90 pytest_funcarg__fixturedefs
DEBUG    pytest:pytest:loadhook: 90 pytest_funcarg__mark_at_item
DEBUG    pytest:pytest:loadhook: 90 pytest_funcarg__mark_at_func
DEBUG    pytest:pytest:loadhook: 90 pytest_funcarg__mark_at_param
DEBUG    pytest:pytest:loadhook: 90 pytest_funcarg__marks_at_param
DEBUG    pytest:pytest:loadhook: 90 pytest_funcarg__ marks_at_func
DEBUG    pytest:pytest:loadhook: 90 pytest_funcarg__dummy
DEBUG    pytest:pytest:loadhook: 90 pytest_fixture_setup
DEBUG    pytest:pytest:loadhook: 90 pytest_fixture_post_finalizer
DEBUG    pytest:pytest:loadhook: 90 pytest_generate_tests
DEBUG    pytest:pytest:loadhook: 90 pytest_get_lines
DEBUG    pytest:pytest:loadhook: 90 pytest_report_header
DEBUG    pytest:pytest:loadhook: 90 pytest_runtest_logreport
DEBUG    pytest:pytest:loadhook: 90 pytest_runtest_logfinish
DEBUG    pytest:pytest:loadhook: 90 pytest_runtest_setup
DEBUG    pytest:pytest:loadhook: 90 pytest_runtest_call
DEBUG    pytest:pytest:loadhook: 90 pytest_runtest_teardown
DEBUG    pytest:pytest:loadhook: 90 pytest_assertion_pass
DEBUG    pytest:pytest:loadhook: 90 pytest_assertion_fail
DEBUG    pytest:pytest:loadhook: 90 pytest_make_collect_report
DEBUG    pytest:pytest:loadhook: 90 pytest_itemcollected
DEBUG    pytest:pytest:loadhook: 90 pytest_unconfigure
DEBUG    pytest:pytest:loadhook: 90 pytest_collection_modifyitems
DEBUG    pytest:pytest:loadhook: 90 pytest_collection_finish
DEBUG    pytest:pytest:loadhook: 90 pytest_pyfunc_call
DEBUG    pytest:pytest:loadhook: 90 pytest_metadata
DEBUG    pytest:pytest:loadhook: 90 pytest_runtestloop
DEBUG    pytest:pytest:loadhook: 90 pytest_sessionfinish
DEBUG    pytest:pytest:loadhook: 90 pytest_runtest_setup
DEBUG    pytest:pytest:loadhook: 90 pytest_runtest_call
DEBUG    pytest:pytest:loadhook: 90 pytest_runtest_teardown
DEBUG    pytest:pytest:loadhook: 90 pytest_runtest_logreport
DEBUG    pytest:pytest:loadhook: 90 pytest_runtest_logfinish
DEBUG    pytest:pytest:loadhook: 90 pytest_terminalsummary
DEBUG    pytest:pytest:loadhook: 90 pytest_collection_modifyitems
DEBUG    pytest:pytest:loadhook: 90 pytest_collection_finish
DEBUG    pytest:pytest:loadhook: 90 pytest_collection
DEBUG    pytest:pytest:loadhook: 90 pytest_pyfunc_call
DEBUG    pytest:pytest:loadhook: 90 pytest_metadata
DEBUG    pytest:pytest:loadhook: 90 pytest_runtestloop
DEBUG    pytest:pytest:loadhook: 90 pytest_sessionfinish
DEBUG    pytest:pytest:loadhook: 90 pytest_runtest_setup
DEBUG    pytest:pytest:loadhook: 90 pytest_runtest_call
DEBUG    pytest:pytest:loadhook: 90 pytest_runtest_teardown
DEBUG    pytest:pytest:loadhook: 90 pytest_runtest_logreport
DEBUG    pytest:pytest:loadhook: 90 pytest_runtest_logfinish
DEBUG    pytest:pytest:loadhook: 90 pytest_terminalsummary
DEBUG    pytest:pytest:loadhook: 90 pytest_collection_modifyitems
DEBUG    pytest:pytest:loadhook: 90 pytest_collection_finish
DEBUG    pytest:pytest:loadhook: 90 pytest_collection
DEBUG    pytest:pytest:loadhook: 90 pytest_metadata
DEBUG    pytest:pytest:loadhook: 90 pytest_pyfunc_call
DEBUG    pytest:pytest:loadhook: 90 pytest_runtestloop
DEBUG    pytest:pytest:loadhook: 90 pytest_sessionfinish
DEBUG    pytest:pytest:loadhook: 90 pytest_runtest_setup
DEBUG    pytest:pytest:loadhook: 90 pytest_runtest_call
DEBUG    pytest:pytest:loadhook: 90 pytest_runtest_teardown
DEBUG    pytest:pytest:loadhook: 90 pytest_runtest_logreport
DEBUG    pytest:pytest:loadhook: 90 pytest_runtest_logfinish
DEBUG    pytest:pytest:loadhook: 90 pytest_terminalsummary
DEBUG    pytest:pytest:loadhook: 90 pytest_collection_modifyitems
DEBUG    pytest:pytest:loadhook: 90 pytest_collection_finish
DEBUG    pytest:pytest:loadhook: 90 pytest_pyfunc_call
DEBUG    pytest:pytest:loadhook: 90 pytest_metadata
DEBUG    pytest:pytest:loadhook: 90 pytest_runtestloop
DEBUG    pytest:pytest:loadhook: 90 pytest_sessionfinish
DEBUG    pytest:pytest:loadhook: 90 pytest_runtest_setup
DEBUG    pytest:pytest:loadhook: 90 pytest_runtest_call
DEBUG    pytest:pytest:loadhook: 90 pytest_runtest_teardown
DEBUG    pytest:pytest:loadhook: 90 pytest_runtest_logreport
DEBUG    pytest:pytest:loadhook: 90 pytest_runtest_logfinish
DEBUG    pytest:pytest:loadhook: 90 pytest_terminalsummary
DEBUG    pytest:pytest:loadhook: 90 pytest_collection_modifyitems
DEBUG    pytest:pytest:loadhook: 90 pytest_collection_finish
DEBUG    pytest:pytest:loadhook: 90 pytest_collection
DEBUG    pytest:pytest:loadhook: 90 pytest_metadata
DEBUG    pytest:pytest:loadhook: 90 pytest_pyfunc_call
DEBUG    pytest:pytest:loadhook: 90 pytest_runtestloop
DEBUG    pytest:pytest:loadhook: 90 pytest_sessionfinish
DEBUG    pytest:pytest:loadhook: 90 pytest_runtest_setup
DEBUG    pytest:pytest:loadhook: 90 pytest_runtest_call
DEBUG    pytest:pytest:loadhook: 90 pytest_runtest_teardown
DEBUG    pytest:pytest:loadhook: 90 pytest_runtest_logreport
DEBUG    pytest:pytest:loadhook: 90 pytest_runtest_logfinish
DEBUG    pytest:pytest:loadhook: 90 pytest_terminalsummary
DEBUG    pytest:pytest:loadhook: 90 pytest_collection_modifyitems
DEBUG    pytest:pytest:loadhook: 90 pytest_collection_finish
DEBUG    pytest:pytest:loadhook: 90 pytest_collection
DEBUG    pytest:pytest:loadhook: 90 pytest_metadata
DEBUG    pytest:pytest:loadhook: 90 pytest_pyfunc_call
DEBUG    pytest:pytest:loadhook: 90 pytest_runtestloop
DEBUG    pytest:pytest:loadhook: 90 pytest_sessionfinish
DEBUG    pytest:pytest:loadhook: 90 pytest_runtest_setup
DEBUG    pytest:pytest:loadhook: 90 pytest_runtest_call
DEBUG    pytest:pytest:loadhook: 90 pytest_runtest_teardown
DEBUG    pytest:pytest:loadhook: 90 pytest_runtest_logreport
DEBUG    pytest:pytest:loadhook: 90 pytest_runtest_logfinish
DEBUG    pytest:pytest:loadhook: 90 pytest_terminalsummary
DEBUG    pytest:pytest:loadhook: 90 pytest_collection_modifyitems
DEBUG    pytest:pytest:loadhook: 90 pytest_collection_finish
DEBUG    pytest:pytest:loadhook: 90 pytest_collection
DEBUG    pytest:pytest:loadhook: 90 pytest_pyfunc_call
DEBUG    pytest:pytest:loadhook: 90 pytest_metadata
DEBUG    pytest:pytest:loadhook: 90 pytest_runtestloop
DEBUG    pytest:pytest:loadhook: 90 pytest_sessionfinish
DEBUG    pytest:pytest:loadhook: 90 pytest_runtest_setup
DEBUG    pytest:pytest:loadhook: 90 pytest_runtest_call
DEBUG    pytest:pytest:loadhook: 90 pytest_runtest_teardown
DEBUG    pytest:pytest:loadhook: 90 pytest_runtest_logreport
DEBUG    pytest:pytest:loadhook: 90 pytest_runtest_logfinish
DEBUG    pytest:pytest:loadhook: 90 pytest_terminalsummary
DEBUG    pytest:pytest:loadhook: 90 pytest_collection_modifyitems
DEBUG    pytest:pytest:loadhook: 90 pytest_collection_finish
DEBUG    pytest:pytest:loadhook: 90 pytest_pyfunc_call
DEBUG    pytest:pytest:loadhook: 90 pytest_metadata
DEBUG    pytest:pytest:loadhook: 90 pytest_runtestloop
DEBUG    pytest:pytest:loadhook: 90 pytest_sessionfinish
DEBUG    pytest:pytest:loadhook: 90 pytest_runtest_setup
DEBUG    pytest:pytest:loadhook: 90 pytest_runtest_call
DEBUG    pytest:pytest:loadhook: 90 pytest_runtest_teardown
DEBUG    pytest:pytest:loadhook: 90 pytest_runtest_logreport
DEBUG    pytest:pytest:loadhook: 90 pytest_runtest_logfinish
DEBUG    pytest:pytest:loadhook: 90 pytest_terminalsummary
DEBUG    pytest:pytest:loadhook: 90 pytest_collection_modifyitems
DEBUG    pytest:pytest:loadhook: 90 pytest_collection_finish
DEBUG    pytest:pytest:loadhook: 90 pytest_collection
DEBUG    pytest:pytest:loadhook: 90 pytest_pyfunc_call
DEBUG    pytest:pytest:loadhook: 90 pytest_metadata
DEBUG    pytest:pytest:loadhook: 90 pytest_runtestloop
DEBUG    pytest:pytest:loadhook: 90 pytest_sessionfinish
DEBUG    pytest:pytest:loadhook: 90 pytest_runtest_setup
DEBUG    pytest:pytest:loadhook: 90 pytest_runtest_call
DEBUG    pytest:pytest:loadhook: 90 pytest_runtest_teardown
DEBUG    pytest:pytest:loadhook: 90 pytest_runtest_logreport
DEBUG    pytest:pytest:loadhook: 90 pytest_runtest_logfinish
DEBUG    pytest:pytest:loadhook: 90 pytest_terminalsummary
DEBUG    pytest:pytest:loadhook: 90 pytest_collection_modifyitems
DEBUG    pytest:pytest:loadhook: 90 pytest_collection_finish
DEBUG    pytest:pytest:loadhook: 90 pytest_collection
DEBUG    pytest:pytest:loadhook: 90 pytest_pyfunc_call
DEBUG    pytest:pytest:loadhook: 90 pytest_metadata
DEBUG    pytest:pytest:loadhook: 90 pytest_runtestloop
DEBUG    pytest:pytest:loadhook: 90 pytest_sessionfinish
DEBUG    pytest:pytest:loadhook: 90 pytest_runtest_setup
DEBUG    pytest:pytest:loadhook: 90 pytest_runtest_call
DEBUG    pytest:pytest:loadhook